<?xml version="1.0" encoding="UTF-8"?>
<!-- Generated by org.testng.reporters.JUnitReportReporter -->
<testsuite skipped="0" hostname="DESKTOP-8B3S5QC" name="reports.Extent" tests="1" failures="0" timestamp="5 Jan 2021 19:06:37 GMT" time="0.049" errors="0">
  <testcase name="console" time="0.049" classname="reports.Extent"/>
</testsuite> <!-- reports.Extent -->
