<?xml version="1.0" encoding="UTF-8"?>
<!-- Generated by org.testng.reporters.JUnitReportReporter -->
<testsuite skipped="0" hostname="DESKTOP-8B3S5QC" name="testng.Demo1" tests="2" failures="0" timestamp="19 Jan 2021 15:13:23 GMT" time="0.023" errors="0">
  <testcase name="test1" time="0.020" classname="testng.Demo1"/>
  <testcase name="test2" time="0.003" classname="testng.Demo1"/>
</testsuite> <!-- testng.Demo1 -->
