<?xml version="1.0" encoding="UTF-8"?>
<!-- Generated by org.testng.reporters.JUnitReportReporter -->
<testsuite skipped="0" hostname="DESKTOP-8B3S5QC" name="reports.Extentreport" tests="1" failures="0" timestamp="7 Jan 2021 18:19:01 GMT" time="1.649" errors="0">
  <testcase name="case1" time="1.649" classname="reports.Extentreport"/>
</testsuite> <!-- reports.Extentreport -->
