<?xml version="1.0" encoding="UTF-8"?>
<!-- Generated by org.testng.reporters.JUnitReportReporter -->
<testsuite skipped="0" hostname="DESKTOP-8B3S5QC" name="testng.Demo2" tests="2" failures="0" timestamp="19 Jan 2021 15:11:19 GMT" time="0.009" errors="0">
  <testcase name="test3" time="0.002" classname="testng.Demo2"/>
  <testcase name="test4" time="0.007" classname="testng.Demo2"/>
</testsuite> <!-- testng.Demo2 -->
