<?xml version="1.0" encoding="UTF-8"?>
<!-- Generated by org.testng.reporters.JUnitReportReporter -->
<testsuite skipped="0" hostname="DESKTOP-8B3S5QC" name="Sql.JDBC" tests="1" failures="0" timestamp="12 Jan 2021 09:20:10 GMT" time="0.151" errors="1">
  <testcase name="testDB" time="0.151" classname="Sql.JDBC">
    <error type="java.sql.SQLException" message="Client does not support authentication protocol requested by server; consider upgrading MySQL client">
      <![CDATA[java.sql.SQLException: Client does not support authentication protocol requested by server; consider upgrading MySQL client
	at com.mysql.jdbc.MysqlIO.checkErrorPacket(MysqlIO.java:2847)
	at com.mysql.jdbc.MysqlIO.checkErrorPacket(MysqlIO.java:750)
	at com.mysql.jdbc.MysqlIO.secureAuth411(MysqlIO.java:3558)
	at com.mysql.jdbc.MysqlIO.doHandshake(MysqlIO.java:1151)
	at com.mysql.jdbc.Connection.createNewIO(Connection.java:1768)
	at com.mysql.jdbc.Connection.<init>(Connection.java:430)
	at com.mysql.jdbc.NonRegisteringDriver.connect(NonRegisteringDriver.java:268)
	at java.sql.DriverManager.getConnection(DriverManager.java:664)
	at java.sql.DriverManager.getConnection(DriverManager.java:247)
	at Sql.JDBC.testDB(JDBC.java:19)
	at sun.reflect.NativeMethodAccessorImpl.invoke0(Native Method)
	at sun.reflect.NativeMethodAccessorImpl.invoke(NativeMethodAccessorImpl.java:62)
	at sun.reflect.DelegatingMethodAccessorImpl.invoke(DelegatingMethodAccessorImpl.java:43)
	at java.lang.reflect.Method.invoke(Method.java:498)
	at org.testng.internal.MethodInvocationHelper.invokeMethod(MethodInvocationHelper.java:100)
	at org.testng.internal.Invoker.invokeMethod(Invoker.java:646)
	at org.testng.internal.Invoker.invokeTestMethod(Invoker.java:811)
	at org.testng.internal.Invoker.invokeTestMethods(Invoker.java:1137)
	at org.testng.internal.TestMethodWorker.invokeTestMethods(TestMethodWorker.java:129)
	at org.testng.internal.TestMethodWorker.run(TestMethodWorker.java:112)
	at org.testng.TestRunner.privateRun(TestRunner.java:753)
	at org.testng.TestRunner.run(TestRunner.java:607)
	at org.testng.SuiteRunner.runTest(SuiteRunner.java:368)
	at org.testng.SuiteRunner.runSequentially(SuiteRunner.java:363)
	at org.testng.SuiteRunner.privateRun(SuiteRunner.java:321)
	at org.testng.SuiteRunner.run(SuiteRunner.java:270)
	at org.testng.SuiteRunnerWorker.runSuite(SuiteRunnerWorker.java:52)
	at org.testng.SuiteRunnerWorker.run(SuiteRunnerWorker.java:86)
	at org.testng.TestNG.runSuitesSequentially(TestNG.java:1284)
	at org.testng.TestNG.runSuitesLocally(TestNG.java:1209)
	at org.testng.TestNG.runSuites(TestNG.java:1124)
	at org.testng.TestNG.run(TestNG.java:1096)
	at org.testng.remote.AbstractRemoteTestNG.run(AbstractRemoteTestNG.java:132)
	at org.testng.remote.RemoteTestNG.initAndRun(RemoteTestNG.java:236)
	at org.testng.remote.RemoteTestNG.main(RemoteTestNG.java:81)
]]>
    </error>
  </testcase> <!-- testDB -->
</testsuite> <!-- Sql.JDBC -->
