<?xml version="1.0" encoding="UTF-8"?>
<!-- Generated by org.testng.reporters.JUnitReportReporter -->
<testsuite skipped="0" hostname="DESKTOP-8B3S5QC" name="reports.LogReport" tests="1" failures="0" timestamp="7 Jan 2021 19:04:50 GMT" time="0.070" errors="0">
  <testcase name="report" time="0.070" classname="reports.LogReport"/>
</testsuite> <!-- reports.LogReport -->
